<?xml version="1.0" encoding="UTF-8"?>
<testng-results skipped="0" failed="0" ignored="0" total="1" passed="1">
  <reporter-output>
  </reporter-output>
  <suite name="Suite" duration-ms="52" started-at="2019-05-18T08:06:30Z" finished-at="2019-05-18T08:06:30Z">
    <groups>
    </groups>
    <test name="Test" duration-ms="52" started-at="2019-05-18T08:06:30Z" finished-at="2019-05-18T08:06:30Z">
      <class name="testNG.sample">
        <test-method status="PASS" signature="test1(java.lang.String, java.lang.String)[pri:0, instance:testNG.sample@59e84876]" name="test1" duration-ms="14" started-at="2019-05-18T08:06:30Z" finished-at="2019-05-18T08:06:30Z">
          <params>
            <param index="0">
              <value>
                <![CDATA[HELLO]]>
              </value>
            </param>
            <param index="1">
              <value>
                <![CDATA[java]]>
              </value>
            </param>
          </params>
          <reporter-output>
          </reporter-output>
        </test-method> <!-- test1 -->
      </class> <!-- testNG.sample -->
    </test> <!-- Test -->
  </suite> <!-- Suite -->
</testng-results>
